* Bobbi_Bobbi changed his name to Markus_True, administrator: Markus_True (6-6-2010)*
* Markus_True changed his name to Markus, administrator: Markus (6-7-2010)*
* 4lens changed his name to PiSUN, administrator: Takeo_Sato (6-12-2010)*
* Takeo_Sato changed his name to Hui, administrator: Hui (6-21-2010)*
* Hui changed his name to Takeo_Sato, administrator: Takeo_Sato (6-21-2010)*
* Crime Streets: 1lvladminguseeb теперь известен как e6yco6ak, ник менял администратор: e6yco6ak [3-8-2010] 
* Crime Streets: e6yco6ak теперь известен как eddyhuy, ник менял администратор: eddyhuy [3-8-2010] 
* Crime Streets: eddyhuy теперь известен как eddy_williams_tot_s, ник менял администратор: eddy_williams_tot_s [3-8-2010] 
* Crime Streets: eddy_williams_tot_s теперь известен как Eddy_Williams, ник менял администратор: Eddy_Williams [3-8-2010] 
* Crime Streets: KOTE теперь известен как YA_GUS`, ник менял администратор: KOTE [3-8-2010] 
* Crime Streets: Wist теперь известен как Makrus, ник менял администратор: Makrus [2-9-2010] 
* Crime Streets: Makrus теперь известен как SLlk, ник менял администратор: SLlk [2-9-2010] 
* Crime Streets: SLlk теперь известен как SIlk, ник менял администратор: SIlk [2-9-2010] 
* Crime Streets: SIlk теперь известен как SIik, ник менял администратор: SIik [2-9-2010] 
* Crime Streets: SIik теперь известен как Wist, ник менял администратор: Wist [2-9-2010] 
* Crime Streets: Markus теперь известен как Alexandr, ник менял администратор: Electrobomj [8-10-2010] 
* Crime Streets: Alexandr теперь известен как loooooooool, ник менял администратор: Sergey_Popov [8-10-2010] 
* Crime Streets: loooooooool теперь известен как alexandr, ник менял администратор: Sergey_Popov [8-10-2010] 
* Crime Streets: alexandr теперь известен как Markus, ник менял администратор: Markus [8-10-2010] 
* Crime Streets: Markus теперь известен как Markus2, ник менял администратор: Markus2 [10-10-2010] 
* Crime Streets: Markus2 теперь известен как Markus, ник менял администратор: Markus [10-10-2010] 
* Crime Streets: Markus теперь известен как markus2, ник менял администратор: markus2 [10-10-2010] 
* Crime Streets: markus2 теперь известен как markus, ник менял администратор: markus [10-10-2010] 
* Crime Streets: markus теперь известен как Markus2, ник менял администратор: Markus2 [10-10-2010] 
* Crime Streets: Markus2 теперь известен как Markus, ник менял администратор: Markus [10-10-2010] 
* Crime Streets: Markus теперь известен как Dick, ник менял администратор: Dick [10-10-2010] 
* Crime Streets: Dick теперь известен как Markus, ник менял администратор: Markus [10-10-2010] 
* Crime Streets: SliK теперь известен как slik,., ник менял администратор: SliK [16-10-2010] 
* Crime Streets: SliK теперь известен как sl.;, ник менял администратор: SliK [16-10-2010] 
* Crime Streets: SliK теперь известен как sl.k, ник менял администратор: sl.k [16-10-2010] 
* Crime Streets: sl.k теперь известен как rew, ник менял администратор: rew [16-10-2010] 
* Crime Streets: rew теперь известен как 654645, ник менял администратор: 654645 [16-10-2010] 
* Crime Streets: 654645 теперь известен как SLik., ник менял администратор: SLik. [16-10-2010] 
* Crime Streets: SLik. теперь известен как Sli,, ник менял администратор: SLik. [16-10-2010] 
* Crime Streets: SLik. теперь известен как SliK, ник менял администратор: SliK [16-10-2010] 
* Crime Streets: SliK теперь известен как rliK, ник менял администратор: rliK [16-10-2010] 
* Crime Streets: rliK теперь известен как 7iK, ник менял администратор: 7iK [16-10-2010] 
* Crime Streets: 7iK теперь известен как .iK, ник менял администратор: .iK [16-10-2010] 
* Crime Streets: .iK теперь известен как ,,,iK, ник менял администратор: .iK [16-10-2010] 
* Crime Streets: .iK теперь известен как SliK, ник менял администратор: SliK [16-10-2010] 
* Crime Streets: SliK теперь известен как lol, ник менял администратор: lol [16-10-2010] 
* Crime Streets: lol теперь известен как SliK, ник менял администратор: SliK [16-10-2010] 
* Crime Streets: SliK теперь известен как SliK[], ник менял администратор: SliK[] [16-10-2010] 
* Crime Streets: SliK[] теперь известен как SliK(), ник менял администратор: SliK() [16-10-2010] 
* Crime Streets: SliK() теперь известен как SliK, ник менял администратор: SliK [16-10-2010] 
* Crime Streets: SliK теперь известен как Lol, ник менял администратор: Lol [16-10-2010] 
* Crime Streets: Lol теперь известен как SliK, ник менял администратор: SliK [16-10-2010] 
* Crime Streets: Ept теперь известен как Jordan_Dick [21/11/2010] [0:32:23] 
* Crime Streets: Ept теперь известен как Hyi_Hua [21/11/2010] [0:41:9] 
* Crime Streets: Kywin_DaYn теперь известен как Kew_Hyi [21/11/2010] [22:58:0] 
* Crime Streets: Cripdog теперь известен как Cripdog_Gangloo [2/12/2010] [15:46:37] 
* Crime Streets: SliK теперь известен как Slik_Slik [23/12/2010] [23:32:29] 
* Crime Streets: Slik_Slik теперь известен как SliK, ник менял администратор: SliK [23-12-2010] [23:32:40]
* Crime Streets: testik теперь известен как Testik_Dick [30/12/2010] [22:6:24] 
* Crime Streets: Markus теперь известен как Markus_Twat [8/1/2011] [23:22:53] 
* Crime Streets: Markus_Twat теперь известен как Markus, ник менял администратор: Markus [8-1-2011] [23:23:20]
* Crime Streets: Markus теперь известен как Markus_S [8/1/2011] [23:24:43] 
* Crime Streets: Markus_S теперь известен как Markus, ник менял администратор: Markus [8-1-2011] [23:24:58]
