*Pidor_Zloebuch were kicked by admin Pidor_Zloebuch, reason: ß äèáèë (6-10-2010)
*Wist were kicked by admin Wist, reason: 1 (6-21-2010)
*Hui were kicked by admin SliK, reason: íîí ðï íèê (7-1-2010)
*Michael_Toreno were kicked by admin Markus, reason: ñìåíè íèê íà non RP (8-2-2010)
*[BOT]Bobbi were kicked by admin Markus, reason: 1 (8-9-2010)
*[BOT]Bobbi were kicked by admin Markus, reason: ! (8-25-2010)
*[BOT]Bobbi were kicked by admin Markus, reason: 1 (8-25-2010)
*[BOT]Train were kicked by admin Markus, reason: 1 (8-25-2010)
*[BOT]Tram were kicked by admin Markus, reason: 3 (8-25-2010)
*Wist were kicked by admin Wist, reason: ïåðåçàéäó (8-27-2010)
*Eddy were kicked by admin Eddy, reason: ïèäîð (8-28-2010)
*[BOT]Train were kicked by admin Alax_Axbar, reason: Óåáûâàé íàõóé (8-28-2010)
*[BOT]Bobbi were kicked by admin Eddy, reason: ïèäîð (8-28-2010)
*[BOT]Tram were kicked by admin Eddy, reason: âîîáùå çàëóïà (8-28-2010)
*[BOT]Bobbi were kicked by admin Markus, reason: 2 (8-29-2010)
*[BOT]Train were kicked by admin Markus, reason: 1 (8-30-2010)
*Wist were kicked by admin Wist, reason: âûøåë (9-2-2010)
*Snoop were kicked by admin Snoop, reason: ñóêà (9-2-2010)
*Snoop were kicked by admin Snoop, reason: ïøîë íàõóé (9-2-2010)
*Snoop were kicked by admin Snoop, reason: õóé (9-18-2010)
*Markus_Everson were kicked by admin Markus, reason: Ô ÏÈÇÄÅ!11111 (9-18-2010)
*Bybos were kicked by admin DjKoote, reason: 111 (10-25-2010)
*Wank_Master were kicked by admin Cripdog_Gangloo, reason: õóåö (12-2-2010)
*Cripdog_Gangloo were kicked by admin Cripdog_Gangloo, reason: õóåö 2 (12-2-2010)
*[BOT]Little_Bobbi were kicked by admin SliK, reason: 1 (1-7-2011)
*Takeo_Bomj were kicked by admin Markus, reason: !1 (2-24-2011)
*Takeo_Bomj were kicked by admin Takeo_Bomj, reason: Î×ÈÍÜ ÏËÎÕÀß ÌÓÇÛÊÀ... ÑÊÎËÜÊÎ ÐÀÀÇ ÑÞÄÀ ÕÎÎÎÄÈË (3-3-2011)
