* Markus сделал  Markus администратором 1338 уровня [6-7-2010] [20:7] *
* Takeo_Sato сделал  Wistik администратором 3 уровня [9-7-2010] [13:20] *
* Takeo_Sato сделал  Wistik администратором 4 уровня [9-7-2010] [13:20] *
* Markus сделал  Bobbi_Li_Jon администратором 3 уровня [9-7-2010] [22:11] *
* Markus сделал  Bobbi_Li_Jon администратором 1337 уровня [9-7-2010] [22:12] *
* Markus сделал  Bobbi_Li_Jon администратором 1338 уровня [9-7-2010] [22:12] *
* Markus сделал  Markus администратором 0 уровня [9-7-2010] [22:12] *
* Bobbi_Li_Jon сделал  Markus администратором 1 уровня [9-7-2010] [22:15] *
* Bobbi_Li_Jon сделал  Markus администратором 1 уровня [9-7-2010] [22:15] *
* Bobbi_Li_Jon сделал  Markus администратором 0 уровня [9-7-2010] [22:15] *
* Bobbi_Li_Jon сделал  Markus администратором -1 уровня [9-7-2010] [22:15] *
* Bobbi_Li_Jon сделал  Markus администратором -587435576 уровня [9-7-2010] [22:15] *
* Bobbi_Li_Jon сделал  Markus администратором 587435576 уровня [9-7-2010] [22:15] *
* Bobbi_Li_Jon сделал  Markus администратором 587435576 уровня [9-7-2010] [22:16] *
* Bobbi_Li_Jon сделал  Bobbi_Li_Jon администратором 587435576 уровня [9-7-2010] [22:16] *
* Markus сделал  Markus администратором 1338 уровня [13-7-2010] [19:18] *
* Markus сделал  DjKoote администратором 1338 уровня [22-7-2010] [21:7] *
* DjKoote сделал  DjKoote администратором 99999 уровня [22-7-2010] [21:19] *
* Markus сделал  Jordan_Realy администратором 1338 уровня [22-7-2010] [22:34] *
* Markus сделал  Markus администратором 1339 уровня [23-7-2010] [16:59] *
* Markus сделал  Markus администратором 1338 уровня [23-7-2010] [17:0] *
* Markus сделал  Markus администратором 1338 уровня [23-7-2010] [17:5] *
* Markus сделал  Markus администратором 1339 уровня [23-7-2010] [17:5] *
* Markus сделал  Markus администратором 1338 уровня [23-7-2010] [17:10] *
* Markus сделал  KOTE администратором 1 уровня [3-8-2010] [22:50] *
* Markus сделал  1lvladminguseeb администратором 1 уровня [3-8-2010] [22:51] *
* Markus сделал  1lvladminguseeb администратором 1338 уровня [3-8-2010] [22:51] *
* Eddy_Williams сделал  Admin.Kotoeb администратором 1338 уровня [3-8-2010] [23:1] *
* Markus сделал  Admin.Kotoeb администратором 1 уровня [3-8-2010] [23:1] *
* Eddy_Williams сделал  Admin.Kotoeb администратором 1337 уровня [3-8-2010] [23:4] *
* Markus сделал  Eddy администратором 1338 уровня [28-8-2010] [17:40] *
* Wist сделал  Eddy администратором 1 уровня [28-8-2010] [17:47] *
* Wist сделал  Eddy администратором 4 уровня [28-8-2010] [17:47] *
* Wist сделал  Eddy администратором 5 уровня [28-8-2010] [17:48] *
* Wist сделал  Eddy администратором 8963 уровня [28-8-2010] [17:48] *
* Wist сделал  Eddy администратором 1 уровня [28-8-2010] [17:48] *
* Wist сделал  Wist администратором 4567832 уровня [28-8-2010] [17:48] *
* Wist сделал  Wist администратором 1338 уровня [28-8-2010] [17:48] *
* Wist сделал  Eddy администратором 1337 уровня [28-8-2010] [18:1] *
* Markus сделал  Alax_Axbar администратором 1338 уровня [28-8-2010] [18:49] *
* Markus сделал  Markus администратором 1 уровня [30-8-2010] [0:40] *
* Markus сделал  Markus администратором 2 уровня [30-8-2010] [0:40] *
* Markus сделал  Markus администратором 3 уровня [30-8-2010] [0:41] *
* Markus сделал  Markus администратором 4 уровня [30-8-2010] [0:41] *
* Markus сделал  Markus администратором 5 уровня [30-8-2010] [0:41] *
* Markus сделал  Markus администратором 6 уровня [30-8-2010] [0:41] *
* Markus сделал  Markus администратором 7 уровня [30-8-2010] [0:42] *
* Markus сделал  Markus администратором 8 уровня [30-8-2010] [0:42] *
* Markus сделал  Markus администратором 1388 уровня [30-8-2010] [0:52] *
* Markus сделал  Markus администратором 7 уровня [30-8-2010] [0:52] *
* Markus сделал  Markus администратором 8 уровня [30-8-2010] [0:53] *
* Markus сделал  Markus администратором 1337 уровня [30-8-2010] [0:53] *
* Markus сделал  Markus администратором 1338 уровня [30-8-2010] [0:53] *
* Markus сделал  Markus администратором 7 уровня [30-8-2010] [0:54] *
* Markus сделал  Markus администратором 1338 уровня [30-8-2010] [0:54] *
* Markus сделал  Markus администратором 7 уровня [30-8-2010] [0:54] *
* Markus сделал  Markus администратором 0 уровня [30-8-2010] [0:54] *
* Markus сделал  Markus администратором 1 уровня [30-8-2010] [0:54] *
* Markus сделал  Markus администратором 2 уровня [30-8-2010] [0:55] *
* Markus сделал  Markus администратором 3 уровня [30-8-2010] [0:55] *
* Markus сделал  Markus администратором 4 уровня [30-8-2010] [0:55] *
* Markus сделал  Markus администратором 5 уровня [30-8-2010] [0:55] *
* Markus сделал  Markus администратором 6 уровня [30-8-2010] [0:55] *
* Markus сделал  Markus администратором 7 уровня [30-8-2010] [0:55] *
* Markus сделал  Markus администратором 1338 уровня [30-8-2010] [0:56] *
* Markus сделал  Markus администратором 0 уровня [30-8-2010] [2:53] *
* Markus сделал  Markus администратором 2 уровня [30-8-2010] [2:53] *
* Markus сделал  Markus администратором 0 уровня [30-8-2010] [3:7] *
* Markus сделал  Markus администратором 1 уровня [30-8-2010] [3:7] *
* Markus сделал  Markus администратором 0 уровня [30-8-2010] [3:10] *
* Markus сделал  Markus администратором 3 уровня [30-8-2010] [13:53] *
* Markus сделал  Markus администратором 1338 уровня [1-9-2010] [17:34] *
* Wist сделал  Snoop администратором 0 уровня [2-9-2010] [21:19] *
* Wist сделал  Snoop администратором 3 уровня [2-9-2010] [21:19] *
* Wist сделал  Snoop администратором 4 уровня [2-9-2010] [21:19] *
* Wist сделал  Snoop администратором 5 уровня [2-9-2010] [21:19] *
* Wist сделал  Snoop администратором 6 уровня [2-9-2010] [21:19] *
* Wist сделал  Snoop администратором 0 уровня [2-9-2010] [21:19] *
* Wist сделал  Snoop администратором 4 уровня [2-9-2010] [21:19] *
* Markus сделал  Snoop администратором 7 уровня [2-9-2010] [21:24] *
* Markus сделал  Snoop администратором 6 уровня [2-9-2010] [21:24] *
* Markus сделал  PRO_TRUE администратором 1 уровня [2-9-2010] [21:48] *
* Wist сделал  Snoop администратором 6 уровня [2-9-2010] [22:25] *
* Markus сделал  Rural_Faggot администратором 1338 уровня [9-9-2010] [22:8] *
* Wist сделал  LOOOOOOL администратором 1337 уровня [17-9-2010] [22:31] *
* Markus сделал  Markus_Everson администратором 1 уровня [18-9-2010] [15:7] *
* Wist сделал  Wist администратором 1339 уровня [2-10-2010] [20:7] *
* Wist сделал  Wist администратором 1338 уровня [2-10-2010] [20:7] *
* Markus сделал  Wist администратором 1338 уровня [7-10-2010] [11:36] *
* Wist сделал  Sergey_Popov администратором 5 уровня [7-10-2010] [11:49] *
* Wist сделал  Electrobomj администратором 7 уровня [8-10-2010] [23:38] *
* Wist сделал  Sergey_Popov администратором 7 уровня [8-10-2010] [23:38] *
* Markus сделал  SliK администратором 1 уровня [9-10-2010] [18:10] *
* SliK сделал  DjKoote администратором 1338 уровня [25-10-2010] [0:42] *
* SliK сделал  DjKoote администратором 1338 уровня [25-10-2010] [1:5] *
* SliK сделал  Takeo администратором 1 уровня [8-11-2010] [22:50] *
* SliK сделал  Avto_Slesar администратором 1 уровня [8-11-2010] [22:50] *
* SliK сделал  [BOT]Tram администратором 1338 уровня [2-12-2010] [15:48] *
* SliK сделал  [BOT]Bobbi администратором 1338 уровня [2-12-2010] [15:48] *
* SliK сделал  [BOT]Train администратором 1338 уровня [2-12-2010] [15:48] *
* SliK сделал  Wank_Master администратором 1338 уровня [2-12-2010] [15:48] *
* SliK сделал  Cripdog_Gangloo администратором 1338 уровня [2-12-2010] [15:48] *
* SliK сделал  Z_Zidane администратором 1338 уровня [2-12-2010] [15:48] *
* Wank_Master сделал  SliK администратором 1337 уровня [2-12-2010] [16:30] *
* Wank_Master сделал  SliK администратором 1338 уровня [2-12-2010] [16:31] *
* SliK сделал  Wank_Master администратором 6 уровня [2-12-2010] [16:31] *
* SliK сделал  Cripdog_Gangloo администратором 6 уровня [2-12-2010] [16:31] *
* SliK сделал  Cripdog_Gangloo администратором 7 уровня [2-12-2010] [16:31] *
* SliK сделал  Wank_Master администратором 7 уровня [2-12-2010] [16:31] *
* Markus сделал  Dedushka_Wist администратором 1338 уровня [13-2-2011] [15:2] *
* Markus сделал  Dver_Zapili администратором 1 уровня [13-2-2011] [15:7] *
* Markus сделал  Dver_Zapili администратором 1338 уровня [13-2-2011] [15:8] *
* Markus сделал  Wist_Xyu администратором 1338 уровня [24-2-2011] [21:21] *
* Markus сделал  Takeo_Bomj администратором 1338 уровня [24-2-2011] [21:21] *
* Markus сделал  Kote_Noob администратором 1338 уровня [24-2-2011] [21:57] *
* Markus сделал  Vint_Ronaldo администратором 1338 уровня [25-2-2011] [14:52] *
* Takeo_Bomj сделал  Rural_Faggot администратором 1338 уровня [3-3-2011] [21:27] *
* Takeo_Bomj сделал  Ya_Wist администратором 1338 уровня [3-3-2011] [21:32] *
