Takeo_Sato payed $100 for enter to business 0
Takeo_Sato payed $100 for enter to business 0
Bobbi_Bobbi payed $0 for enter to business 4
Bobbi_Bobbi payed $0 for enter to business 4
Bobbi_Bobbi payed $0 for enter to business 4
Bobbi_Bobbi payed $0 for enter to business 4
Bobbi_Bobbi payed $0 for enter to business 4
Bobbi_Bobbi payed $0 for enter to business 4
Bobbi_Bobbi payed $0 for enter to business 4
Bobbi_Bobbi payed $0 for enter to business 4
Bobbi_Bobbi payed $0 for enter to business 4
Bobbi_Bobbi payed $0 for enter to business 4
Bobbi_Bobbi payed $0 for enter to business 4
Bobbi_Bobbi payed $0 for enter to business 4
Bobbi_Bobbi payed $0 for enter to business 4
Bobbi_Bobbi payed $0 for enter to business 4
Bobbi_Bobbi payed $0 for enter to business 4
Bobbi_Bobbi payed $0 for enter to business 4
Bobbi_Bobbi payed $0 for enter to business 4
Bobbi_Bobbi payed $0 for enter to business 4
Bobbi_Bobbi payed $0 for enter to business 4
Bobbi_Bobbi payed $0 for enter to business 4
Bobbi_Bobbi payed $0 for enter to business 4
Bobbi_Bobbi payed $0 for enter to business 4
Bobbi_Bobbi payed $0 for enter to business 4
Bobbi_Bobbi payed $0 for enter to business 4
Bobbi_Bobbi payed $0 for enter to business 4
Markus payed to State Treasury $100.
Takeo_Sato payed to State Treasury $2943000.
Markus payed $100 for enter to business 0
Markus payed $100 for enter to business 0
Markus payed $100 for enter to business 0
Markus payed $100 for enter to business 0
Markus payed $0 for enter to business 3
Markus payed $0 for enter to business 3
Markus payed $0 for enter to business 5
Markus payed $0 for enter to business 5
Markus payed $0 for enter to business 7
Markus payed $0 for enter to business 7
Markus payed $0 for enter to business 7
Markus payed $0 for enter to business 6
Markus payed $0 for enter to business 6
Markus payed $0 for enter to business 2
Markus payed $500 for enter to Sbusiness 11
Markus payed $100 for enter to business 0
 payed to State Treasury $1.
 payed to State Treasury $1.
 payed to State Treasury $1.
 payed to State Treasury $1.
Markus payed $100 for enter to business 0
Markus payed $0 for enter to business 7
Markus payed $100 for enter to business 0
Markus payed $0 for enter to business 9
Markus payed $0 for enter to business 8
Markus payed $0 for enter to business 9
Markus payed $0 for enter to business 10
Markus payed $0 for enter to business 10
 payed to State Treasury $9999999.
 payed to State Treasury $99999999.
 payed to State Treasury $9999999.
 payed to State Treasury $99999999.
Markus payed $1 to [BOT]Bobbi
Markus payed $1 to [BOT]Bobbi
Markus payed $2 to [BOT]Bobbi
Markus payed $1 to Markus
 payed to State Treasury $1.
 payed to State Treasury $4.
 payed to State Treasury $4.
 payed to State Treasury $10000.
