* Markus купил дом id 32 [22-6-2010]*
* Markus продал дом id 32 [22-6-2010]*
* Markus купил дом id 32 [22-6-2010]*
* Markus продал дом id  id 79 [22-6-2010]*
* Markus купил дом  id 1 [22-6-2010]*
* Markus продал дом id 1 [22-6-2010] [20:37]*
* Markus купил дом  id 2 [22-6-2010] [20:37]
* Markus продал дом id 2 [23-6-2010] [1:58] *
* Markus купил дом   id 103 [24-6-2010] [14:11] *
* Markus купил дом  id 1 [6-7-2010] [19:38] *
* Markus продал дом  id 1 [6-7-2010] [20:6] *
* Markus купил дом   id 54 [10-7-2010] [1:0] *
* Markus продал дом   id 54 [10-7-2010] [1:6] *
* DjKoote купил дом   id 85 [22-7-2010] [21:20] *
* Markus купил дом   id 23 [23-7-2010] [13:32] *
* Markus продал дом   id 23 [23-7-2010] [13:38] *
* Markus купил дом   id 26 [23-7-2010] [13:45] *
* Markus продал дом   id 26 [23-7-2010] [15:33] *
* Markus купил дом   id 26 [23-7-2010] [15:33] *
* Markus продал дом   id 26 [23-7-2010] [15:33] *
* Markus купил дом   id 26 [23-7-2010] [15:34] *
* Markus продал дом   id 26 [23-7-2010] [15:34] *
* Markus купил дом   id 25 [23-7-2010] [15:34] *
* Markus продал дом   id 25 [23-7-2010] [15:34] *
* Markus купил дом   id 24 [23-7-2010] [15:35] *
* Markus продал дом   id 24 [23-7-2010] [15:36] *
* Markus купил дом   id 111 [23-7-2010] [15:36] *
* Markus продал дом   id 111 [23-7-2010] [15:42] *
* Markus купил дом   id 112 [23-7-2010] [15:43] *
* Markus продал дом   id 112 [23-7-2010] [15:43] *
* Markus купил дом   id 112 [23-7-2010] [15:43] *
* Markus продал дом   id 112 [23-7-2010] [15:43] *
* Markus купил дом   id 112 [23-7-2010] [15:43] *
* Markus продал дом   id 112 [23-7-2010] [15:43] *
* Markus купил дом   id 112 [23-7-2010] [15:43] *
* Markus продал дом   id 112 [23-7-2010] [15:43] *
* Markus купил дом   id 115 [23-7-2010] [15:44] *
* Markus продал дом   id 115 [23-7-2010] [15:49] *
* Markus купил дом   id 115 [23-7-2010] [15:49] *
* Markus продал дом   id 115 [23-7-2010] [15:50] *
* Markus купил дом   id 114 [23-7-2010] [15:50] *
* Markus продал дом   id 114 [23-7-2010] [15:50] *
* Markus купил дом   id 41 [23-7-2010] [15:55] *
* Markus продал дом   id 41 [23-7-2010] [15:55] *
* Markus купил дом   id 40 [23-7-2010] [15:55] *
* Markus продал дом   id 40 [23-7-2010] [15:55] *
* Markus купил дом   id 60 [23-7-2010] [15:56] *
* Markus продал дом   id 60 [23-7-2010] [15:56] *
* Markus купил дом   id 38 [23-7-2010] [16:1] *
* Markus продал дом   id 38 [23-7-2010] [16:1] *
* Markus купил дом   id 62 [23-7-2010] [16:12] *
* Markus продал дом   id 62 [23-7-2010] [16:13] *
* Markus купил дом   id 32 [23-7-2010] [16:13] *
* Markus продал дом   id 32 [23-7-2010] [16:13] *
* Markus купил дом   id 32 [23-7-2010] [16:13] *
* Markus продал дом   id 32 [23-7-2010] [16:14] *
* Markus купил дом   id 46 [23-7-2010] [16:19] *
* Markus продал дом   id 46 [23-7-2010] [16:19] *
* Markus купил дом   id 46 [23-7-2010] [16:29] *
* Markus продал дом   id 46 [23-7-2010] [16:30] *
* Markus купил дом   id 37 [23-7-2010] [16:39] *
* Markus продал дом   id 37 [23-7-2010] [16:39] *
* Markus купил дом   id 114 [23-7-2010] [16:58] *
* Markus продал дом   id 114 [23-7-2010] [16:58] *
* Markus купил дом   id 38 [23-7-2010] [17:18] *
* Markus продал дом   id 38 [23-7-2010] [17:50] *
* Markus купил дом   id 35 [23-7-2010] [19:44] *
* Markus продал дом   id 35 [23-7-2010] [19:59] *
* Markus купил дом   id 218 [2-8-2010] [1:32] *
* Markus продал дом   id 218 [2-8-2010] [1:32] *
* Markus купил дом   id 217 [2-8-2010] [1:32] *
* Markus продал дом   id 217 [2-8-2010] [1:33] *
* Markus купил дом   id 219 [2-8-2010] [1:35] *
* Markus продал дом   id 219 [2-8-2010] [1:37] *
* Markus купил дом   id 216 [2-8-2010] [1:38] *
* Markus продал дом   id 216 [2-8-2010] [1:38] *
* Markus купил дом   id 214 [2-8-2010] [1:39] *
* Markus продал дом   id 214 [2-8-2010] [1:39] *
* Markus купил дом   id 211 [2-8-2010] [1:39] *
* Markus продал дом   id 211 [2-8-2010] [1:39] *
* Markus купил дом   id 212 [2-8-2010] [1:39] *
* Markus продал дом   id 212 [2-8-2010] [1:39] *
* Markus купил дом   id 208 [2-8-2010] [1:40] *
* Markus продал дом   id 208 [2-8-2010] [1:40] *
* Markus купил дом   id 209 [2-8-2010] [1:40] *
* Markus продал дом   id 209 [2-8-2010] [1:41] *
* Markus купил дом   id 213 [2-8-2010] [1:41] *
* Markus продал дом   id 212 [2-8-2010] [16:8] *
* Wist купил дом   id 216 [2-8-2010] [16:13] *
* Wist продал дом   id 216 [2-8-2010] [16:17] *
* Wist купил дом   id 212 [2-8-2010] [16:18] *
* Wist продал дом   id 212 [2-8-2010] [16:18] *
* Wist купил дом   id 189 [2-8-2010] [16:18] *
* Wist продал дом   id 189 [2-8-2010] [16:19] *
* Wist купил дом   id 216 [2-8-2010] [16:19] *
* Wist продал дом   id 216 [3-8-2010] [22:55] *
* Wist купил дом   id 217 [3-8-2010] [22:55] *
* Wist продал дом   id 217 [3-8-2010] [22:55] *
* Wist купил дом   id 216 [3-8-2010] [23:2] *
* Wist продал дом   id 216 [3-8-2010] [23:6] *
* Wist купил дом   id 215 [3-8-2010] [23:7] *
* Wist продал дом   id 215 [3-8-2010] [23:9] *
* Wist купил дом   id 216 [3-8-2010] [23:10] *
* Markus купил дом  id 0 [9-8-2010] [23:54] *
* Markus продал дом  id 0 [10-8-2010] [0:40] *
* Wist купил дом   id 216 [27-8-2010] [20:26] *
* Markus купил дом   id 84 [30-8-2010] [20:36] *
* Markus продал дом   id 84 [31-8-2010] [18:53] *
* Markus купил дом   id 173 [3-9-2010] [13:26] *
* Markus продал дом   id 173 [3-9-2010] [13:28] *
* Markus купил дом   id 3 [14-9-2010] [20:9] *
* Markus продал дом   id 3 [25-9-2010] [16:34] *
* Markus купил дом  id 2 [26-9-2010] [20:30] *
* Markus продал дом  id 2 [26-9-2010] [20:42] *
* Markus купил дом  id 1 [29-9-2010] [19:37] *
* Markus купил дом   id 91 [2-10-2010] [18:13] *
* Markus продал дом   id 91 [2-10-2010] [18:14] *
* SliK купил дом  id 1 [25-12-2010] [0:33] *
* Markus купил дом  id 1 [13-1-2011] [19:33] *
* Markus купил дом  id 0 [13-1-2011] [19:34] *
* Markus купил дом  id 0 [13-1-2011] [19:53] *
* Markus купил дом     id 319 [13-1-2011] [19:54] *
* Markus купил дом     id 319 [14-1-2011] [0:24] *
* Markus купил дом  id 0 [14-1-2011] [0:27] *
* Markus купил дом   id 8 [14-1-2011] [0:29] *
* Markus купил дом   id 7 [14-1-2011] [0:30] *
* Markus купил дом   id 3 [14-1-2011] [0:45] *
* Markus купил дом   id 200 [14-1-2011] [1:1] *
 Новые дома доступны, id 10, стоимостью $53000.
 Новые дома доступны, id 11, стоимостью $45600.
 Новые дома доступны, id 12, стоимостью $44000.
 Новые дома доступны, id 13, стоимостью $55600.
 Новые дома доступны, id 14, стоимостью $1.
 Новые дома доступны, id 15, стоимостью $66400.
 Новые дома доступны, id 16, стоимостью $40600.
 Новые дома доступны, id 17, стоимостью $40400.
 Новые дома доступны, id 18, стоимостью $47500.
 Новые дома доступны, id 19, стоимостью $44000.
 Новые дома доступны, id 20, стоимостью $35000.
 Новые дома доступны, id 21, стоимостью $47000.
 Новые дома доступны, id 22, стоимостью $53000.
 Новые дома доступны, id 23, стоимостью $45600.
 Новые дома доступны, id 24, стоимостью $46000.
 Новые дома доступны, id 25, стоимостью $54000.
 Новые дома доступны, id 26, стоимостью $48000.
 Новые дома доступны, id 27, стоимостью $65000.
 Новые дома доступны, id 28, стоимостью $69000.
 Новые дома доступны, id 29, стоимостью $55000.
 Новые дома доступны, id 30, стоимостью $58000.
 Новые дома доступны, id 31, стоимостью $30800.
 Новые дома доступны, id 32, стоимостью $41000.
 Новые дома доступны, id 33, стоимостью $35000.
 Новые дома доступны, id 34, стоимостью $46700.
 Новые дома доступны, id 35, стоимостью $47800.
 Новые дома доступны, id 36, стоимостью $35300.
 Новые дома доступны, id 37, стоимостью $50500.
 Новые дома доступны, id 38, стоимостью $43400.
 Новые дома доступны, id 39, стоимостью $40600.
 Новые дома доступны, id 40, стоимостью $55000.
 Новые дома доступны, id 41, стоимостью $41200.
 Новые дома доступны, id 42, стоимостью $47500.
 Новые дома доступны, id 46, стоимостью $50000.
 Новые дома доступны, id 47, стоимостью $40400.
 Новые дома доступны, id 48, стоимостью $50000.
 Новые дома доступны, id 49, стоимостью $60000.
 Новые дома доступны, id 50, стоимостью $50000.
 Новые дома доступны, id 51, стоимостью $50000.
 Новые дома доступны, id 52, стоимостью $40400.
 Новые дома доступны, id 53, стоимостью $50000.
 Новые дома доступны, id 54, стоимостью $30000.
 Новые дома доступны, id 55, стоимостью $40300.
 Новые дома доступны, id 56, стоимостью $60600.
 Новые дома доступны, id 57, стоимостью $55000.
 Новые дома доступны, id 58, стоимостью $68000.
 Новые дома доступны, id 59, стоимостью $60000.
 Новые дома доступны, id 64, стоимостью $40000.
 Новые дома доступны, id 65, стоимостью $1.
 Новые дома доступны, id 66, стоимостью $1.
 Новые дома доступны, id 67, стоимостью $60900.
 Новые дома доступны, id 68, стоимостью $1.
 Новые дома доступны, id 69, стоимостью $60000.
 Новые дома доступны, id 70, стоимостью $1.
 Новые дома доступны, id 71, стоимостью $90000.
 Новые дома доступны, id 72, стоимостью $60500.
 Новые дома доступны, id 73, стоимостью $100000.
 Новые дома доступны, id 74, стоимостью $95000.
 Новые дома доступны, id 75, стоимостью $60000.
 Новые дома доступны, id 76, стоимостью $60400.
 Новые дома доступны, id 77, стоимостью $50800.
 Новые дома доступны, id 78, стоимостью $1.
 Новые дома доступны, id 79, стоимостью $100000.
 Новые дома доступны, id 80, стоимостью $120800.
 Новые дома доступны, id 81, стоимостью $5000.
 Новые дома доступны, id 82, стоимостью $1.
 Новые дома доступны, id 83, стоимостью $40500.
 Новые дома доступны, id 84, стоимостью $1.
 Новые дома доступны, id 85, стоимостью $55000.
 Новые дома доступны, id 86, стоимостью $60800.
 Новые дома доступны, id 87, стоимостью $100.
 Новые дома доступны, id 88, стоимостью $60000.
 Новые дома доступны, id 89, стоимостью $50000.
 Новые дома доступны, id 90, стоимостью $1.
 Новые дома доступны, id 91, стоимостью $65000.
 Новые дома доступны, id 92, стоимостью $50000.
 Новые дома доступны, id 93, стоимостью $1.
 Новые дома доступны, id 94, стоимостью $60000.
 Новые дома доступны, id 95, стоимостью $1.
 Новые дома доступны, id 96, стоимостью $60000.
 Новые дома доступны, id 97, стоимостью $50600.
 Новые дома доступны, id 98, стоимостью $50400.
 Новые дома доступны, id 99, стоимостью $65000.
 Новые дома доступны, id 100, стоимостью $65000.
 Новые дома доступны, id 101, стоимостью $350000.
 Новые дома доступны, id 102, стоимостью $50000.
 Новые дома доступны, id 103, стоимостью $1.
 Новые дома доступны, id 104, стоимостью $42000.
 Новые дома доступны, id 105, стоимостью $41000.
 Новые дома доступны, id 106, стоимостью $1.
 Новые дома доступны, id 107, стоимостью $40000.
 Новые дома доступны, id 108, стоимостью $40000.
 Новые дома доступны, id 109, стоимостью $40000.
 Новые дома доступны, id 110, стоимостью $30000.
 Новые дома доступны, id 111, стоимостью $43000.
 Новые дома доступны, id 112, стоимостью $30600.
 Новые дома доступны, id 113, стоимостью $40000.
 Новые дома доступны, id 114, стоимостью $40400.
 Новые дома доступны, id 115, стоимостью $36000.
 Новые дома доступны, id 116, стоимостью $1.
 Новые дома доступны, id 117, стоимостью $40000.
 Новые дома доступны, id 118, стоимостью $30800.
 Новые дома доступны, id 119, стоимостью $50000.
 Новые дома доступны, id 120, стоимостью $70000.
 Новые дома доступны, id 121, стоимостью $90000.
 Новые дома доступны, id 122, стоимостью $60000.
 Новые дома доступны, id 123, стоимостью $54000.
 Новые дома доступны, id 124, стоимостью $70000.
 Новые дома доступны, id 125, стоимостью $50000.
 Новые дома доступны, id 126, стоимостью $70000.
 Новые дома доступны, id 127, стоимостью $60000.
 Новые дома доступны, id 128, стоимостью $90000.
 Новые дома доступны, id 129, стоимостью $90000.
 Новые дома доступны, id 130, стоимостью $60000.
 Новые дома доступны, id 131, стоимостью $80000.
 Новые дома доступны, id 132, стоимостью $70000.
 Новые дома доступны, id 133, стоимостью $60000.
 Новые дома доступны, id 134, стоимостью $90000.
 Новые дома доступны, id 135, стоимостью $112000.
 Новые дома доступны, id 136, стоимостью $70000.
 Новые дома доступны, id 137, стоимостью $70000.
 Новые дома доступны, id 138, стоимостью $85000.
 Новые дома доступны, id 139, стоимостью $67000.
 Новые дома доступны, id 140, стоимостью $76000.
 Новые дома доступны, id 141, стоимостью $1.
 Новые дома доступны, id 142, стоимостью $77000.
 Новые дома доступны, id 143, стоимостью $70000.
 Новые дома доступны, id 144, стоимостью $80000.
 Новые дома доступны, id 145, стоимостью $87000.
 Новые дома доступны, id 146, стоимостью $1.
 Новые дома доступны, id 147, стоимостью $90000.
 Новые дома доступны, id 148, стоимостью $98000.
 Новые дома доступны, id 149, стоимостью $60000.
 Новые дома доступны, id 150, стоимостью $90000.
 Новые дома доступны, id 151, стоимостью $110000.
 Новые дома доступны, id 152, стоимостью $80000.
 Новые дома доступны, id 153, стоимостью $75000.
 Новые дома доступны, id 154, стоимостью $1.
 Новые дома доступны, id 155, стоимостью $44000.
 Новые дома доступны, id 156, стоимостью $75000.
 Новые дома доступны, id 157, стоимостью $60000.
 Новые дома доступны, id 158, стоимостью $80700.
 Новые дома доступны, id 159, стоимостью $83600.
 Новые дома доступны, id 160, стоимостью $75000.
 Новые дома доступны, id 161, стоимостью $60000.
 Новые дома доступны, id 164, стоимостью $65000.
 Новые дома доступны, id 165, стоимостью $50000.
 Новые дома доступны, id 166, стоимостью $50000.
 Новые дома доступны, id 167, стоимостью $50000.
 Новые дома доступны, id 168, стоимостью $1.
 Новые дома доступны, id 169, стоимостью $50000.
 Новые дома доступны, id 170, стоимостью $50000.
 Новые дома доступны, id 171, стоимостью $70000.
 Новые дома доступны, id 172, стоимостью $450.
 Новые дома доступны, id 173, стоимостью $1.
 Новые дома доступны, id 174, стоимостью $70000.
 Новые дома доступны, id 175, стоимостью $100000.
 Новые дома доступны, id 176, стоимостью $90000.
 Новые дома доступны, id 177, стоимостью $50000.
 Новые дома доступны, id 181, стоимостью $1.
 Новые дома доступны, id 183, стоимостью $88000.
 Новые дома доступны, id 184, стоимостью $76700.
 Новые дома доступны, id 185, стоимостью $88000.
 Новые дома доступны, id 186, стоимостью $66600.
 Новые дома доступны, id 187, стоимостью $1.
 Новые дома доступны, id 188, стоимостью $69900.
 Новые дома доступны, id 189, стоимостью $660000.
 Новые дома доступны, id 190, стоимостью $7600.
 Новые дома доступны, id 191, стоимостью $87000.
 Новые дома доступны, id 192, стоимостью $79000.
 Новые дома доступны, id 193, стоимостью $97000.
 Новые дома доступны, id 194, стоимостью $97500.
 Новые дома доступны, id 195, стоимостью $79000.
 Новые дома доступны, id 196, стоимостью $97000.
 Новые дома доступны, id 197, стоимостью $77000.
 Новые дома доступны, id 198, стоимостью $88000.
 Новые дома доступны, id 201, стоимостью $120000.
 Новые дома доступны, id 202, стоимостью $123400.
 Новые дома доступны, id 203, стоимостью $111100.
 Новые дома доступны, id 204, стоимостью $1.
 Новые дома доступны, id 205, стоимостью $98000.
 Новые дома доступны, id 206, стоимостью $76000.
 Новые дома доступны, id 207, стоимостью $96000.
 Новые дома доступны, id 208, стоимостью $110000.
 Новые дома доступны, id 209, стоимостью $1.
 Новые дома доступны, id 210, стоимостью $1.
 Новые дома доступны, id 211, стоимостью $49000.
 Новые дома доступны, id 212, стоимостью $99000.
 Новые дома доступны, id 213, стоимостью $133000.
 Новые дома доступны, id 214, стоимостью $120000.
 Новые дома доступны, id 215, стоимостью $1.
 Новые дома доступны, id 216, стоимостью $777777.
 Новые дома доступны, id 217, стоимостью $120000.
 Новые дома доступны, id 220, стоимостью $1.
 Новые дома доступны, id 221, стоимостью $110000.
 Новые дома доступны, id 222, стоимостью $160000.
 Новые дома доступны, id 223, стоимостью $110000.
 Новые дома доступны, id 224, стоимостью $185000.
 Новые дома доступны, id 225, стоимостью $87000.
 Новые дома доступны, id 226, стоимостью $150000.
 Новые дома доступны, id 227, стоимостью $125000.
 Новые дома доступны, id 228, стоимостью $150000.
 Новые дома доступны, id 229, стоимостью $80000.
 Новые дома доступны, id 230, стоимостью $85000.
 Новые дома доступны, id 239, стоимостью $150000.
 Новые дома доступны, id 240, стоимостью $150000.
 Новые дома доступны, id 241, стоимостью $110000.
 Новые дома доступны, id 242, стоимостью $125000.
 Новые дома доступны, id 243, стоимостью $100000.
 Новые дома доступны, id 245, стоимостью $125000.
 Новые дома доступны, id 246, стоимостью $110000.
 Новые дома доступны, id 247, стоимостью $100000.
 Новые дома доступны, id 248, стоимостью $87000.
 Новые дома доступны, id 249, стоимостью $87000.
 Новые дома доступны, id 250, стоимостью $125000.
 Новые дома доступны, id 251, стоимостью $87000.
 Новые дома доступны, id 252, стоимостью $80000.
 Новые дома доступны, id 253, стоимостью $87000.
 Новые дома доступны, id 254, стоимостью $86000.
 Новые дома доступны, id 255, стоимостью $100000.
 Новые дома доступны, id 256, стоимостью $90000.
 Новые дома доступны, id 257, стоимостью $150000.
 Новые дома доступны, id 258, стоимостью $135000.
 Новые дома доступны, id 259, стоимостью $86000.
 Новые дома доступны, id 260, стоимостью $150000.
 Новые дома доступны, id 261, стоимостью $80000.
 Новые дома доступны, id 262, стоимостью $85000.
 Новые дома доступны, id 263, стоимостью $86000.
 Новые дома доступны, id 264, стоимостью $80000.
 Новые дома доступны, id 265, стоимостью $90000.
 Новые дома доступны, id 266, стоимостью $87000.
 Новые дома доступны, id 267, стоимостью $87000.
 Новые дома доступны, id 268, стоимостью $100000.
 Новые дома доступны, id 269, стоимостью $110000.
 Новые дома доступны, id 270, стоимостью $110000.
 Новые дома доступны, id 271, стоимостью $10000.
 Новые дома доступны, id 272, стоимостью $110000.
 Новые дома доступны, id 273, стоимостью $100000.
 Новые дома доступны, id 274, стоимостью $87000.
 Новые дома доступны, id 275, стоимостью $87000.
 Новые дома доступны, id 276, стоимостью $90000.
 Новые дома доступны, id 277, стоимостью $80000.
 Новые дома доступны, id 278, стоимостью $86000.
 Новые дома доступны, id 279, стоимостью $85000.
 Новые дома доступны, id 280, стоимостью $80000.
 Новые дома доступны, id 281, стоимостью $1.
 Новые дома доступны, id 282, стоимостью $85000.
 Новые дома доступны, id 283, стоимостью $86000.
 Новые дома доступны, id 284, стоимостью $80000.
 Новые дома доступны, id 285, стоимостью $90000.
 Новые дома доступны, id 286, стоимостью $87000.
 Новые дома доступны, id 287, стоимостью $87000.
 Новые дома доступны, id 288, стоимостью $100000.
 Новые дома доступны, id 289, стоимостью $110000.
 Новые дома доступны, id 290, стоимостью $110000.
 Новые дома доступны, id 291, стоимостью $10000.
 Новые дома доступны, id 301, стоимостью $110000.
 Новые дома доступны, id 302, стоимостью $100000.
 Новые дома доступны, id 303, стоимостью $87000.
 Новые дома доступны, id 304, стоимостью $87000.
 Новые дома доступны, id 305, стоимостью $90000.
 Новые дома доступны, id 306, стоимостью $80000.
 Новые дома доступны, id 307, стоимостью $86000.
 Новые дома доступны, id 308, стоимостью $85000.
 Новые дома доступны, id 309, стоимостью $80000.
 Новые дома доступны, id 310, стоимостью $50000.
 Новые дома доступны, id 311, стоимостью $85000.
 Новые дома доступны, id 312, стоимостью $86000.
 Новые дома доступны, id 313, стоимостью $80000.
* Markus купил дом   id 49 [8-2-2011] [16:47] *
* Markus купил дом   id 49 [9-2-2011] [23:57] *
* Markus купил дом id 49 [12-2-2011] [23:58] *
* Markus купил дом id 98 [22-2-2011] [21:1] *
* Markus купил дом id 102 [22-2-2011] [21:2] *
* Vint_Ronaldo купил дом id 34 [25-2-2011] [15:15] *
